


ARM Macro Assembler    Page 1 


    1 00000000         ; ******************************************************
                       **********************
    2 00000000         ; Copyright (c) 2019, Nations Technologies Inc.
    3 00000000         ;
    4 00000000         ; All rights reserved.
    5 00000000         ; ******************************************************
                       **********************
    6 00000000         ;
    7 00000000         ; Redistribution and use in source and binary forms, wit
                       h or without
    8 00000000         ; modification, are permitted provided that the followin
                       g conditions are met:
    9 00000000         ;
   10 00000000         ; - Redistributions of source code must retain the above
                        copyright notice,
   11 00000000         ; this list of conditions and the disclaimer below.
   12 00000000         ;
   13 00000000         ; Nations' name may not be used to endorse or promote pr
                       oducts derived from
   14 00000000         ; this software without specific prior written permissio
                       n.
   15 00000000         ;
   16 00000000         ; DISCLAIMER: THIS SOFTWARE IS PROVIDED BY NATIONS "AS I
                       S" AND ANY EXPRESS OR
   17 00000000         ; IMPLIED WARRANTIES, INCLUDING, BUT NOT LIMITED TO, THE
                        IMPLIED WARRANTIES OF
   18 00000000         ; MERCHANTABILITY, FITNESS FOR A PARTICULAR PURPOSE AND 
                       NON-INFRINGEMENT ARE
   19 00000000         ; DISCLAIMED. IN NO EVENT SHALL NATIONS BE LIABLE FOR AN
                       Y DIRECT, INDIRECT,
   20 00000000         ; INCIDENTAL, SPECIAL, EXEMPLARY, OR CONSEQUENTIAL DAMAG
                       ES (INCLUDING, BUT NOT
   21 00000000         ; LIMITED TO, PROCUREMENT OF SUBSTITUTE GOODS OR SERVICE
                       S; LOSS OF USE, DATA,
   22 00000000         ; OR PROFITS; OR BUSINESS INTERRUPTION) HOWEVER CAUSED A
                       ND ON ANY THEORY OF
   23 00000000         ; LIABILITY, WHETHER IN CONTRACT, STRICT LIABILITY, OR T
                       ORT (INCLUDING
   24 00000000         ; NEGLIGENCE OR OTHERWISE) ARISING IN ANY WAY OUT OF THE
                        USE OF THIS SOFTWARE,
   25 00000000         ; EVEN IF ADVISED OF THE POSSIBILITY OF SUCH DAMAGE.
   26 00000000         ; ******************************************************
                       **********************
   27 00000000         
   28 00000000         ; Amount of memory (in bytes) allocated for Stack
   29 00000000         ; Tailor this value to your application needs
   30 00000000         ; <h> Stack Configuration
   31 00000000         ;   <o> Stack Size (in Bytes) <0x0-0xFFFFFFFF:8>
   32 00000000         ; </h>
   33 00000000         
   34 00000000         ; Main (MSP) stack — used during startup, in main() up
                        to
   35 00000000         ; vTaskStartScheduler(), and for all ISR frames afterwar
                       ds. The BLE
   36 00000000         ; stack's init (ns_ble_task_init etc.) recurses deeply, 
                       so we keep the
   37 00000000         ; original 2 KB here. Each FreeRTOS task has its own PSP
                        stack, see
   38 00000000         ; user/app_tasks.c.



ARM Macro Assembler    Page 2 


   39 00000000 00000800 
                       Stack_Size
                               EQU              0x00000800
   40 00000000         
   41 00000000                 AREA             STACK, NOINIT, READWRITE, ALIGN
=3
   42 00000000         Stack_Mem
                               SPACE            Stack_Size
   43 00000800         __initial_sp
   44 00000800         
   45 00000800         ; <h> Heap Configuration
   46 00000800         ;   <o>  Heap Size (in Bytes) <0x0-0xFFFFFFFF:8>
   47 00000800         ; </h>
   48 00000800         
   49 00000800         ; libc heap. FreeRTOS itself doesn't need this (static a
                       llocation only,
   50 00000800         ; see user/FreeRTOSConfig.h). However the pre-built Nati
                       onstech BLE
   51 00000800         ; library pulls in malloc internally — zeroing this ca
                       used malloc() to
   52 00000800         ; return NULL during ns_ble_task_init and HardFaulted on
                        first use, so
   53 00000800         ; we keep the original 512-byte heap.
   54 00000800 00000200 
                       Heap_Size
                               EQU              0x00000200
   55 00000800         
   56 00000800                 AREA             HEAP, NOINIT, READWRITE, ALIGN=
3
   57 00000000         __heap_base
   58 00000000         Heap_Mem
                               SPACE            Heap_Size
   59 00000200         __heap_limit
   60 00000200         
   61 00000200                 PRESERVE8
   62 00000200                 THUMB
   63 00000200         
   64 00000200         
   65 00000200         ; Vector Table Mapped to Address 0 at Reset
   66 00000200                 AREA             RESET, DATA, READONLY
   67 00000000                 EXPORT           __Vectors
   68 00000000                 EXPORT           __Vectors_End
   69 00000000                 EXPORT           __Vectors_Size
   70 00000000         
   71 00000000 00000000 
                       __Vectors
                               DCD              __initial_sp ; Top of Stack
   72 00000004 00000000        DCD              Reset_Handler ; Reset Handler
   73 00000008 00000000        DCD              NMI_Handler ; NMI Handler
   74 0000000C 00000000        DCD              HardFault_Handler ; Hard Fault 
                                                            Handler
   75 00000010 00000000        DCD              0           ; Reserved
   76 00000014 00000000        DCD              0           ; Reserved
   77 00000018 00000000        DCD              0           ; Reserved
   78 0000001C 00000000        DCD              0           ; Reserved
   79 00000020 00000000        DCD              0           ; Reserved
   80 00000024 00000000        DCD              0           ; Reserved
   81 00000028 00000000        DCD              0           ; Reserved
   82 0000002C 00000000        DCD              SVC_Handler ; SVCall Handler



ARM Macro Assembler    Page 3 


   83 00000030 00000000        DCD              0           ; Reserved
   84 00000034 00000000        DCD              0           ; Reserved
   85 00000038 00000000        DCD              PendSV_Handler ; PendSV Handler
                                                            
   86 0000003C 00000000        DCD              SysTick_Handler 
                                                            ; SysTick Handler
   87 00000040         
   88 00000040         ; External Interrupts
   89 00000040 00000000        DCD              WWDG_IRQHandler 
                                                            ; Window Watchdog
   90 00000044 00000000        DCD              BLE_SW_IRQHandler 
                                                            ; BLE_SW interrupt
   91 00000048 00000000        DCD              RTC_IRQHandler ; RTC interrupt(
                                                            through EXTI line 1
                                                            7/19/20 interrupt)
   92 0000004C 00000000        DCD              BLE_HSLOT_IRQHandler 
                                                            ; BLE_HSLOT
   93 00000050 00000000        DCD              FLASH_IRQHandler ; Flash
   94 00000054 00000000        DCD              RCC_IRQHandler ; RCC
   95 00000058 00000000        DCD              EXTI0_1_IRQHandler 
                                                            ; EXTI Line 0.1
   96 0000005C 00000000        DCD              EXTI2_3_IRQHandler 
                                                            ; EXTI Line 2.3
   97 00000060 00000000        DCD              EXTI4_12_IRQHandler 
                                                            ; EXTI Line 4..12
   98 00000064 00000000        DCD              BLE_FINETGT_IRQHandler 
                                                            ; BLE_FINETGT
   99 00000068 00000000        DCD              BLE_FIFO_IRQHandler ; BLE_FIFO
  100 0000006C 00000000        DCD              DMA_Channel1_2_3_4_IRQHandler ;
                                                             DMA Channel 1,2,3,
                                                            4
  101 00000070 00000000        DCD              DMA_Channel5_IRQHandler ; DMA C
                                                            hannel 5,6,7,8
  102 00000074 00000000        DCD              TIM1_BRK_UP_TRG_COM_IRQHandler 
                                                            ; TIM1 Break/Update
                                                            /Trigger and Commut
                                                            ation
  103 00000078 00000000        DCD              TIM1_CC_IRQHandler ; TIM1 Captu
                                                            re Compare
  104 0000007C 00000000        DCD              RESERVED_IRQHandler ; 
  105 00000080 00000000        DCD              TIM3_IRQHandler ; TIM3
  106 00000084 00000000        DCD              BLE_ERROR_IRQHandler 
                                                            ; BLE_ERROR
  107 00000088 00000000        DCD              BLE_CRYPT_IRQHandler ; BLE_CYPT
                                                            _IRQHandler
  108 0000008C 00000000        DCD              BLE_TIMESTAMP_TGT1_IRQHandler ;
                                                             BLE_TIMESTAMP_TGT1
                                                            
  109 00000090 00000000        DCD              TIM6_IRQHandler ; TIM6
  110 00000094 00000000        DCD              ADC_IRQHandler ; ADC
  111 00000098 00000000        DCD              SPI2_IRQHandler ; SPI2
  112 0000009C 00000000        DCD              I2C1_IRQHandler ; I2C1
  113 000000A0 00000000        DCD              BLE_TIMESTAMP_TGT2_IRQHandler ;
                                                             BLE_TIMESTAMP_TGT1
                                                            2
  114 000000A4 00000000        DCD              SPI1_IRQHandler ; SPI1
  115 000000A8 00000000        DCD              BLE_SLP_IRQHandler ; BLE_SLP
  116 000000AC 00000000        DCD              KEYSCAN_IRQHandler ; KEYSCAN
  117 000000B0 00000000        DCD              USART1_IRQHandler ; USART1



ARM Macro Assembler    Page 4 


  118 000000B4 00000000        DCD              LPUART1_IRQHandler ; LPUART1
  119 000000B8 00000000        DCD              USART2_IRQHandler ; USART2
  120 000000BC 00000000        DCD              IRC_IRQHandler ; IRC
  121 000000C0         __Vectors_End
  122 000000C0         
  123 000000C0 000000C0 
                       __Vectors_Size
                               EQU              __Vectors_End - __Vectors
  124 000000C0         
  125 000000C0                 AREA             |.text|, CODE, READONLY
  126 00000000         
  127 00000000         ; Reset handler
  128 00000000         Reset_Handler
                               PROC
  129 00000000                 EXPORT           Reset_Handler             [WEAK
]
  130 00000000                 IMPORT           __main
  131 00000000                 IMPORT           SystemInit
  132 00000000 4804            LDR              R0, =SystemInit
  133 00000002 4780            BLX              R0
  134 00000004 4804            LDR              R0, =__main
  135 00000006 4700            BX               R0
  136 00000008                 ENDP
  137 00000008         
  138 00000008         ; Dummy Exception Handlers (infinite loops which can be 
                       modified)
  139 00000008         
  140 00000008         NMI_Handler
                               PROC
  141 00000008                 EXPORT           NMI_Handler                [WEA
K]
  142 00000008 E7FE            B                .
  143 0000000A                 ENDP
  145 0000000A         HardFault_Handler
                               PROC
  146 0000000A                 EXPORT           HardFault_Handler          [WEA
K]
  147 0000000A E7FE            B                .
  148 0000000C                 ENDP
  149 0000000C         SVC_Handler
                               PROC
  150 0000000C                 EXPORT           SVC_Handler                [WEA
K]
  151 0000000C E7FE            B                .
  152 0000000E                 ENDP
  153 0000000E         PendSV_Handler
                               PROC
  154 0000000E                 EXPORT           PendSV_Handler             [WEA
K]
  155 0000000E E7FE            B                .
  156 00000010                 ENDP
  157 00000010         SysTick_Handler
                               PROC
  158 00000010                 EXPORT           SysTick_Handler            [WEA
K]
  159 00000010 E7FE            B                .
  160 00000012                 ENDP
  161 00000012         
  162 00000012         Default_Handler



ARM Macro Assembler    Page 5 


                               PROC
  163 00000012         
  164 00000012                 EXPORT           WWDG_IRQHandler            [WEA
K]
  165 00000012                 EXPORT           BLE_SW_IRQHandler          [WEA
K]
  166 00000012                 EXPORT           RTC_IRQHandler             [WEA
K]
  167 00000012                 EXPORT           BLE_HSLOT_IRQHandler       [WEA
K]
  168 00000012                 EXPORT           FLASH_IRQHandler           [WEA
K]
  169 00000012                 EXPORT           RCC_IRQHandler             [WEA
K]
  170 00000012                 EXPORT           EXTI0_1_IRQHandler         [WEA
K]
  171 00000012                 EXPORT           EXTI2_3_IRQHandler         [WEA
K]
  172 00000012                 EXPORT           EXTI4_12_IRQHandler        [WEA
K]
  173 00000012                 EXPORT           BLE_FINETGT_IRQHandler     [WEA
K]
  174 00000012                 EXPORT           BLE_FIFO_IRQHandler        [WEA
K]
  175 00000012                 EXPORT           DMA_Channel1_2_3_4_IRQHandler  
[WEAK]
  176 00000012                 EXPORT           DMA_Channel5_IRQHandler [WEAK]
  177 00000012                 EXPORT           TIM1_BRK_UP_TRG_COM_IRQHandler 
[WEAK]
  178 00000012                 EXPORT           TIM1_CC_IRQHandler         [WEA
K]
  179 00000012                 EXPORT           RESERVED_IRQHandler        [WEA
K]
  180 00000012                 EXPORT           TIM3_IRQHandler            [WEA
K]
  181 00000012                 EXPORT           BLE_ERROR_IRQHandler       [WEA
K]
  182 00000012                 EXPORT           BLE_CRYPT_IRQHandler       [WEA
K]
  183 00000012                 EXPORT           BLE_TIMESTAMP_TGT1_IRQHandler  
[WEAK]
  184 00000012                 EXPORT           TIM6_IRQHandler            [WEA
K]
  185 00000012                 EXPORT           ADC_IRQHandler             [WEA
K]
  186 00000012                 EXPORT           SPI2_IRQHandler            [WEA
K]
  187 00000012                 EXPORT           I2C1_IRQHandler            [WEA
K]
  188 00000012                 EXPORT           BLE_TIMESTAMP_TGT2_IRQHandler  
[WEAK]
  189 00000012                 EXPORT           SPI1_IRQHandler            [WEA
K]
  190 00000012                 EXPORT           BLE_SLP_IRQHandler         [WEA
K]
  191 00000012                 EXPORT           KEYSCAN_IRQHandler         [WEA
K]
  192 00000012                 EXPORT           USART1_IRQHandler          [WEA
K]



ARM Macro Assembler    Page 6 


  193 00000012                 EXPORT           LPUART1_IRQHandler         [WEA
K]
  194 00000012                 EXPORT           USART2_IRQHandler          [WEA
K]
  195 00000012                 EXPORT           IRC_IRQHandler             [WEA
K]
  196 00000012         
  197 00000012         WWDG_IRQHandler
  198 00000012         BLE_SW_IRQHandler
  199 00000012         RTC_IRQHandler
  200 00000012         BLE_HSLOT_IRQHandler
  201 00000012         FLASH_IRQHandler
  202 00000012         RCC_IRQHandler
  203 00000012         EXTI0_1_IRQHandler
  204 00000012         EXTI2_3_IRQHandler
  205 00000012         EXTI4_12_IRQHandler
  206 00000012         BLE_FINETGT_IRQHandler
  207 00000012         BLE_FIFO_IRQHandler
  208 00000012         DMA_Channel1_2_3_4_IRQHandler
  209 00000012         DMA_Channel5_IRQHandler
  210 00000012         TIM1_BRK_UP_TRG_COM_IRQHandler
  211 00000012         TIM1_CC_IRQHandler
  212 00000012         RESERVED_IRQHandler
  213 00000012         TIM3_IRQHandler
  214 00000012         BLE_ERROR_IRQHandler
  215 00000012         BLE_CRYPT_IRQHandler
  216 00000012         BLE_TIMESTAMP_TGT1_IRQHandler
  217 00000012         TIM6_IRQHandler
  218 00000012         ADC_IRQHandler
  219 00000012         SPI2_IRQHandler
  220 00000012         I2C1_IRQHandler
  221 00000012         BLE_TIMESTAMP_TGT2_IRQHandler
  222 00000012         SPI1_IRQHandler
  223 00000012         BLE_SLP_IRQHandler
  224 00000012         KEYSCAN_IRQHandler
  225 00000012         USART1_IRQHandler
  226 00000012         LPUART1_IRQHandler
  227 00000012         USART2_IRQHandler
  228 00000012         IRC_IRQHandler
  229 00000012 E7FE            B                .
  230 00000014         
  231 00000014                 ENDP
  232 00000014         
  233 00000014                 ALIGN
  234 00000014         
  235 00000014         ;*******************************************************
                       ************************
  236 00000014         ; User Stack and Heap initialization
  237 00000014         ;*******************************************************
                       ************************
  238 00000014                 IF               :DEF:__MICROLIB
  239 00000014         
  240 00000014                 EXPORT           __initial_sp
  241 00000014                 EXPORT           __heap_base
  242 00000014                 EXPORT           __heap_limit
  243 00000014         
  244 00000014                 ELSE
  259                          ENDIF
  260 00000014         



ARM Macro Assembler    Page 7 


  261 00000014                 END
              00000000 
              00000000 
Command Line: --debug --xref --diag_suppress=9931 --cpu=Cortex-M0 --apcs=interw
ork --depend=.\objects\startup_n32wb03x.d -o.\objects\startup_n32wb03x.o -I"D:\
install\keil5 mdk\ARM\PACK\Nationstech\N32WB03x_DFP.1.4.0\firmware\CMSIS\device
" -I"D:\install\keil5 mdk\ARM\CMSIS\Include" --predefine="__MICROLIB SETA 1" --
predefine="__UVISION_VERSION SETA 543" --predefine="N32WB03x SETA 1" --predefin
e="USE_STDPERIPH_DRIVER SETA 1" --list=.\listings\startup_n32wb03x.lst ..\firmw
are\CMSIS\device\startup\startup_n32wb03x.s



ARM Macro Assembler    Page 1 Alphabetic symbol ordering
Relocatable symbols

STACK 00000000

Symbol: STACK
   Definitions
      At line 41 in file ..\firmware\CMSIS\device\startup\startup_n32wb03x.s
   Uses
      None
Comment: STACK unused
Stack_Mem 00000000

Symbol: Stack_Mem
   Definitions
      At line 42 in file ..\firmware\CMSIS\device\startup\startup_n32wb03x.s
   Uses
      None
Comment: Stack_Mem unused
__initial_sp 00000800

Symbol: __initial_sp
   Definitions
      At line 43 in file ..\firmware\CMSIS\device\startup\startup_n32wb03x.s
   Uses
      At line 71 in file ..\firmware\CMSIS\device\startup\startup_n32wb03x.s
      At line 240 in file ..\firmware\CMSIS\device\startup\startup_n32wb03x.s

3 symbols



ARM Macro Assembler    Page 1 Alphabetic symbol ordering
Relocatable symbols

HEAP 00000000

Symbol: HEAP
   Definitions
      At line 56 in file ..\firmware\CMSIS\device\startup\startup_n32wb03x.s
   Uses
      None
Comment: HEAP unused
Heap_Mem 00000000

Symbol: Heap_Mem
   Definitions
      At line 58 in file ..\firmware\CMSIS\device\startup\startup_n32wb03x.s
   Uses
      None
Comment: Heap_Mem unused
__heap_base 00000000

Symbol: __heap_base
   Definitions
      At line 57 in file ..\firmware\CMSIS\device\startup\startup_n32wb03x.s
   Uses
      At line 241 in file ..\firmware\CMSIS\device\startup\startup_n32wb03x.s
Comment: __heap_base used once
__heap_limit 00000200

Symbol: __heap_limit
   Definitions
      At line 59 in file ..\firmware\CMSIS\device\startup\startup_n32wb03x.s
   Uses
      At line 242 in file ..\firmware\CMSIS\device\startup\startup_n32wb03x.s
Comment: __heap_limit used once
4 symbols



ARM Macro Assembler    Page 1 Alphabetic symbol ordering
Relocatable symbols

RESET 00000000

Symbol: RESET
   Definitions
      At line 66 in file ..\firmware\CMSIS\device\startup\startup_n32wb03x.s
   Uses
      None
Comment: RESET unused
__Vectors 00000000

Symbol: __Vectors
   Definitions
      At line 71 in file ..\firmware\CMSIS\device\startup\startup_n32wb03x.s
   Uses
      At line 67 in file ..\firmware\CMSIS\device\startup\startup_n32wb03x.s
      At line 123 in file ..\firmware\CMSIS\device\startup\startup_n32wb03x.s

__Vectors_End 000000C0

Symbol: __Vectors_End
   Definitions
      At line 121 in file ..\firmware\CMSIS\device\startup\startup_n32wb03x.s
   Uses
      At line 68 in file ..\firmware\CMSIS\device\startup\startup_n32wb03x.s
      At line 123 in file ..\firmware\CMSIS\device\startup\startup_n32wb03x.s

3 symbols



ARM Macro Assembler    Page 1 Alphabetic symbol ordering
Relocatable symbols

.text 00000000

Symbol: .text
   Definitions
      At line 125 in file ..\firmware\CMSIS\device\startup\startup_n32wb03x.s
   Uses
      None
Comment: .text unused
ADC_IRQHandler 00000012

Symbol: ADC_IRQHandler
   Definitions
      At line 218 in file ..\firmware\CMSIS\device\startup\startup_n32wb03x.s
   Uses
      At line 110 in file ..\firmware\CMSIS\device\startup\startup_n32wb03x.s
      At line 185 in file ..\firmware\CMSIS\device\startup\startup_n32wb03x.s

BLE_CRYPT_IRQHandler 00000012

Symbol: BLE_CRYPT_IRQHandler
   Definitions
      At line 215 in file ..\firmware\CMSIS\device\startup\startup_n32wb03x.s
   Uses
      At line 107 in file ..\firmware\CMSIS\device\startup\startup_n32wb03x.s
      At line 182 in file ..\firmware\CMSIS\device\startup\startup_n32wb03x.s

BLE_ERROR_IRQHandler 00000012

Symbol: BLE_ERROR_IRQHandler
   Definitions
      At line 214 in file ..\firmware\CMSIS\device\startup\startup_n32wb03x.s
   Uses
      At line 106 in file ..\firmware\CMSIS\device\startup\startup_n32wb03x.s
      At line 181 in file ..\firmware\CMSIS\device\startup\startup_n32wb03x.s

BLE_FIFO_IRQHandler 00000012

Symbol: BLE_FIFO_IRQHandler
   Definitions
      At line 207 in file ..\firmware\CMSIS\device\startup\startup_n32wb03x.s
   Uses
      At line 99 in file ..\firmware\CMSIS\device\startup\startup_n32wb03x.s
      At line 174 in file ..\firmware\CMSIS\device\startup\startup_n32wb03x.s

BLE_FINETGT_IRQHandler 00000012

Symbol: BLE_FINETGT_IRQHandler
   Definitions
      At line 206 in file ..\firmware\CMSIS\device\startup\startup_n32wb03x.s
   Uses
      At line 98 in file ..\firmware\CMSIS\device\startup\startup_n32wb03x.s
      At line 173 in file ..\firmware\CMSIS\device\startup\startup_n32wb03x.s

BLE_HSLOT_IRQHandler 00000012

Symbol: BLE_HSLOT_IRQHandler
   Definitions
      At line 200 in file ..\firmware\CMSIS\device\startup\startup_n32wb03x.s
   Uses



ARM Macro Assembler    Page 2 Alphabetic symbol ordering
Relocatable symbols

      At line 92 in file ..\firmware\CMSIS\device\startup\startup_n32wb03x.s
      At line 167 in file ..\firmware\CMSIS\device\startup\startup_n32wb03x.s

BLE_SLP_IRQHandler 00000012

Symbol: BLE_SLP_IRQHandler
   Definitions
      At line 223 in file ..\firmware\CMSIS\device\startup\startup_n32wb03x.s
   Uses
      At line 115 in file ..\firmware\CMSIS\device\startup\startup_n32wb03x.s
      At line 190 in file ..\firmware\CMSIS\device\startup\startup_n32wb03x.s

BLE_SW_IRQHandler 00000012

Symbol: BLE_SW_IRQHandler
   Definitions
      At line 198 in file ..\firmware\CMSIS\device\startup\startup_n32wb03x.s
   Uses
      At line 90 in file ..\firmware\CMSIS\device\startup\startup_n32wb03x.s
      At line 165 in file ..\firmware\CMSIS\device\startup\startup_n32wb03x.s

BLE_TIMESTAMP_TGT1_IRQHandler 00000012

Symbol: BLE_TIMESTAMP_TGT1_IRQHandler
   Definitions
      At line 216 in file ..\firmware\CMSIS\device\startup\startup_n32wb03x.s
   Uses
      At line 108 in file ..\firmware\CMSIS\device\startup\startup_n32wb03x.s
      At line 183 in file ..\firmware\CMSIS\device\startup\startup_n32wb03x.s

BLE_TIMESTAMP_TGT2_IRQHandler 00000012

Symbol: BLE_TIMESTAMP_TGT2_IRQHandler
   Definitions
      At line 221 in file ..\firmware\CMSIS\device\startup\startup_n32wb03x.s
   Uses
      At line 113 in file ..\firmware\CMSIS\device\startup\startup_n32wb03x.s
      At line 188 in file ..\firmware\CMSIS\device\startup\startup_n32wb03x.s

DMA_Channel1_2_3_4_IRQHandler 00000012

Symbol: DMA_Channel1_2_3_4_IRQHandler
   Definitions
      At line 208 in file ..\firmware\CMSIS\device\startup\startup_n32wb03x.s
   Uses
      At line 100 in file ..\firmware\CMSIS\device\startup\startup_n32wb03x.s
      At line 175 in file ..\firmware\CMSIS\device\startup\startup_n32wb03x.s

DMA_Channel5_IRQHandler 00000012

Symbol: DMA_Channel5_IRQHandler
   Definitions
      At line 209 in file ..\firmware\CMSIS\device\startup\startup_n32wb03x.s
   Uses
      At line 101 in file ..\firmware\CMSIS\device\startup\startup_n32wb03x.s
      At line 176 in file ..\firmware\CMSIS\device\startup\startup_n32wb03x.s

Default_Handler 00000012




ARM Macro Assembler    Page 3 Alphabetic symbol ordering
Relocatable symbols

Symbol: Default_Handler
   Definitions
      At line 162 in file ..\firmware\CMSIS\device\startup\startup_n32wb03x.s
   Uses
      None
Comment: Default_Handler unused
EXTI0_1_IRQHandler 00000012

Symbol: EXTI0_1_IRQHandler
   Definitions
      At line 203 in file ..\firmware\CMSIS\device\startup\startup_n32wb03x.s
   Uses
      At line 95 in file ..\firmware\CMSIS\device\startup\startup_n32wb03x.s
      At line 170 in file ..\firmware\CMSIS\device\startup\startup_n32wb03x.s

EXTI2_3_IRQHandler 00000012

Symbol: EXTI2_3_IRQHandler
   Definitions
      At line 204 in file ..\firmware\CMSIS\device\startup\startup_n32wb03x.s
   Uses
      At line 96 in file ..\firmware\CMSIS\device\startup\startup_n32wb03x.s
      At line 171 in file ..\firmware\CMSIS\device\startup\startup_n32wb03x.s

EXTI4_12_IRQHandler 00000012

Symbol: EXTI4_12_IRQHandler
   Definitions
      At line 205 in file ..\firmware\CMSIS\device\startup\startup_n32wb03x.s
   Uses
      At line 97 in file ..\firmware\CMSIS\device\startup\startup_n32wb03x.s
      At line 172 in file ..\firmware\CMSIS\device\startup\startup_n32wb03x.s

FLASH_IRQHandler 00000012

Symbol: FLASH_IRQHandler
   Definitions
      At line 201 in file ..\firmware\CMSIS\device\startup\startup_n32wb03x.s
   Uses
      At line 93 in file ..\firmware\CMSIS\device\startup\startup_n32wb03x.s
      At line 168 in file ..\firmware\CMSIS\device\startup\startup_n32wb03x.s

HardFault_Handler 0000000A

Symbol: HardFault_Handler
   Definitions
      At line 145 in file ..\firmware\CMSIS\device\startup\startup_n32wb03x.s
   Uses
      At line 74 in file ..\firmware\CMSIS\device\startup\startup_n32wb03x.s
      At line 146 in file ..\firmware\CMSIS\device\startup\startup_n32wb03x.s

I2C1_IRQHandler 00000012

Symbol: I2C1_IRQHandler
   Definitions
      At line 220 in file ..\firmware\CMSIS\device\startup\startup_n32wb03x.s
   Uses
      At line 112 in file ..\firmware\CMSIS\device\startup\startup_n32wb03x.s
      At line 187 in file ..\firmware\CMSIS\device\startup\startup_n32wb03x.s



ARM Macro Assembler    Page 4 Alphabetic symbol ordering
Relocatable symbols


IRC_IRQHandler 00000012

Symbol: IRC_IRQHandler
   Definitions
      At line 228 in file ..\firmware\CMSIS\device\startup\startup_n32wb03x.s
   Uses
      At line 120 in file ..\firmware\CMSIS\device\startup\startup_n32wb03x.s
      At line 195 in file ..\firmware\CMSIS\device\startup\startup_n32wb03x.s

KEYSCAN_IRQHandler 00000012

Symbol: KEYSCAN_IRQHandler
   Definitions
      At line 224 in file ..\firmware\CMSIS\device\startup\startup_n32wb03x.s
   Uses
      At line 116 in file ..\firmware\CMSIS\device\startup\startup_n32wb03x.s
      At line 191 in file ..\firmware\CMSIS\device\startup\startup_n32wb03x.s

LPUART1_IRQHandler 00000012

Symbol: LPUART1_IRQHandler
   Definitions
      At line 226 in file ..\firmware\CMSIS\device\startup\startup_n32wb03x.s
   Uses
      At line 118 in file ..\firmware\CMSIS\device\startup\startup_n32wb03x.s
      At line 193 in file ..\firmware\CMSIS\device\startup\startup_n32wb03x.s

NMI_Handler 00000008

Symbol: NMI_Handler
   Definitions
      At line 140 in file ..\firmware\CMSIS\device\startup\startup_n32wb03x.s
   Uses
      At line 73 in file ..\firmware\CMSIS\device\startup\startup_n32wb03x.s
      At line 141 in file ..\firmware\CMSIS\device\startup\startup_n32wb03x.s

PendSV_Handler 0000000E

Symbol: PendSV_Handler
   Definitions
      At line 153 in file ..\firmware\CMSIS\device\startup\startup_n32wb03x.s
   Uses
      At line 85 in file ..\firmware\CMSIS\device\startup\startup_n32wb03x.s
      At line 154 in file ..\firmware\CMSIS\device\startup\startup_n32wb03x.s

RCC_IRQHandler 00000012

Symbol: RCC_IRQHandler
   Definitions
      At line 202 in file ..\firmware\CMSIS\device\startup\startup_n32wb03x.s
   Uses
      At line 94 in file ..\firmware\CMSIS\device\startup\startup_n32wb03x.s
      At line 169 in file ..\firmware\CMSIS\device\startup\startup_n32wb03x.s

RESERVED_IRQHandler 00000012

Symbol: RESERVED_IRQHandler
   Definitions



ARM Macro Assembler    Page 5 Alphabetic symbol ordering
Relocatable symbols

      At line 212 in file ..\firmware\CMSIS\device\startup\startup_n32wb03x.s
   Uses
      At line 104 in file ..\firmware\CMSIS\device\startup\startup_n32wb03x.s
      At line 179 in file ..\firmware\CMSIS\device\startup\startup_n32wb03x.s

RTC_IRQHandler 00000012

Symbol: RTC_IRQHandler
   Definitions
      At line 199 in file ..\firmware\CMSIS\device\startup\startup_n32wb03x.s
   Uses
      At line 91 in file ..\firmware\CMSIS\device\startup\startup_n32wb03x.s
      At line 166 in file ..\firmware\CMSIS\device\startup\startup_n32wb03x.s

Reset_Handler 00000000

Symbol: Reset_Handler
   Definitions
      At line 128 in file ..\firmware\CMSIS\device\startup\startup_n32wb03x.s
   Uses
      At line 72 in file ..\firmware\CMSIS\device\startup\startup_n32wb03x.s
      At line 129 in file ..\firmware\CMSIS\device\startup\startup_n32wb03x.s

SPI1_IRQHandler 00000012

Symbol: SPI1_IRQHandler
   Definitions
      At line 222 in file ..\firmware\CMSIS\device\startup\startup_n32wb03x.s
   Uses
      At line 114 in file ..\firmware\CMSIS\device\startup\startup_n32wb03x.s
      At line 189 in file ..\firmware\CMSIS\device\startup\startup_n32wb03x.s

SPI2_IRQHandler 00000012

Symbol: SPI2_IRQHandler
   Definitions
      At line 219 in file ..\firmware\CMSIS\device\startup\startup_n32wb03x.s
   Uses
      At line 111 in file ..\firmware\CMSIS\device\startup\startup_n32wb03x.s
      At line 186 in file ..\firmware\CMSIS\device\startup\startup_n32wb03x.s

SVC_Handler 0000000C

Symbol: SVC_Handler
   Definitions
      At line 149 in file ..\firmware\CMSIS\device\startup\startup_n32wb03x.s
   Uses
      At line 82 in file ..\firmware\CMSIS\device\startup\startup_n32wb03x.s
      At line 150 in file ..\firmware\CMSIS\device\startup\startup_n32wb03x.s

SysTick_Handler 00000010

Symbol: SysTick_Handler
   Definitions
      At line 157 in file ..\firmware\CMSIS\device\startup\startup_n32wb03x.s
   Uses
      At line 86 in file ..\firmware\CMSIS\device\startup\startup_n32wb03x.s
      At line 158 in file ..\firmware\CMSIS\device\startup\startup_n32wb03x.s




ARM Macro Assembler    Page 6 Alphabetic symbol ordering
Relocatable symbols

TIM1_BRK_UP_TRG_COM_IRQHandler 00000012

Symbol: TIM1_BRK_UP_TRG_COM_IRQHandler
   Definitions
      At line 210 in file ..\firmware\CMSIS\device\startup\startup_n32wb03x.s
   Uses
      At line 102 in file ..\firmware\CMSIS\device\startup\startup_n32wb03x.s
      At line 177 in file ..\firmware\CMSIS\device\startup\startup_n32wb03x.s

TIM1_CC_IRQHandler 00000012

Symbol: TIM1_CC_IRQHandler
   Definitions
      At line 211 in file ..\firmware\CMSIS\device\startup\startup_n32wb03x.s
   Uses
      At line 103 in file ..\firmware\CMSIS\device\startup\startup_n32wb03x.s
      At line 178 in file ..\firmware\CMSIS\device\startup\startup_n32wb03x.s

TIM3_IRQHandler 00000012

Symbol: TIM3_IRQHandler
   Definitions
      At line 213 in file ..\firmware\CMSIS\device\startup\startup_n32wb03x.s
   Uses
      At line 105 in file ..\firmware\CMSIS\device\startup\startup_n32wb03x.s
      At line 180 in file ..\firmware\CMSIS\device\startup\startup_n32wb03x.s

TIM6_IRQHandler 00000012

Symbol: TIM6_IRQHandler
   Definitions
      At line 217 in file ..\firmware\CMSIS\device\startup\startup_n32wb03x.s
   Uses
      At line 109 in file ..\firmware\CMSIS\device\startup\startup_n32wb03x.s
      At line 184 in file ..\firmware\CMSIS\device\startup\startup_n32wb03x.s

USART1_IRQHandler 00000012

Symbol: USART1_IRQHandler
   Definitions
      At line 225 in file ..\firmware\CMSIS\device\startup\startup_n32wb03x.s
   Uses
      At line 117 in file ..\firmware\CMSIS\device\startup\startup_n32wb03x.s
      At line 192 in file ..\firmware\CMSIS\device\startup\startup_n32wb03x.s

USART2_IRQHandler 00000012

Symbol: USART2_IRQHandler
   Definitions
      At line 227 in file ..\firmware\CMSIS\device\startup\startup_n32wb03x.s
   Uses
      At line 119 in file ..\firmware\CMSIS\device\startup\startup_n32wb03x.s
      At line 194 in file ..\firmware\CMSIS\device\startup\startup_n32wb03x.s

WWDG_IRQHandler 00000012

Symbol: WWDG_IRQHandler
   Definitions
      At line 197 in file ..\firmware\CMSIS\device\startup\startup_n32wb03x.s



ARM Macro Assembler    Page 7 Alphabetic symbol ordering
Relocatable symbols

   Uses
      At line 89 in file ..\firmware\CMSIS\device\startup\startup_n32wb03x.s
      At line 164 in file ..\firmware\CMSIS\device\startup\startup_n32wb03x.s

40 symbols



ARM Macro Assembler    Page 1 Alphabetic symbol ordering
Absolute symbols

Heap_Size 00000200

Symbol: Heap_Size
   Definitions
      At line 54 in file ..\firmware\CMSIS\device\startup\startup_n32wb03x.s
   Uses
      At line 58 in file ..\firmware\CMSIS\device\startup\startup_n32wb03x.s
Comment: Heap_Size used once
Stack_Size 00000800

Symbol: Stack_Size
   Definitions
      At line 39 in file ..\firmware\CMSIS\device\startup\startup_n32wb03x.s
   Uses
      At line 42 in file ..\firmware\CMSIS\device\startup\startup_n32wb03x.s
Comment: Stack_Size used once
__Vectors_Size 000000C0

Symbol: __Vectors_Size
   Definitions
      At line 123 in file ..\firmware\CMSIS\device\startup\startup_n32wb03x.s
   Uses
      At line 69 in file ..\firmware\CMSIS\device\startup\startup_n32wb03x.s
Comment: __Vectors_Size used once
3 symbols



ARM Macro Assembler    Page 1 Alphabetic symbol ordering
External symbols

SystemInit 00000000

Symbol: SystemInit
   Definitions
      At line 131 in file ..\firmware\CMSIS\device\startup\startup_n32wb03x.s
   Uses
      At line 132 in file ..\firmware\CMSIS\device\startup\startup_n32wb03x.s
Comment: SystemInit used once
__main 00000000

Symbol: __main
   Definitions
      At line 130 in file ..\firmware\CMSIS\device\startup\startup_n32wb03x.s
   Uses
      At line 134 in file ..\firmware\CMSIS\device\startup\startup_n32wb03x.s
Comment: __main used once
2 symbols
391 symbols in table
